[2021-08-15 21:52:08.383] [jointLog] [info] setting maxHashResizeThreads to 2
[2021-08-15 21:52:08.383] [jointLog] [info] Fragment incompatibility prior below threshold.  Incompatible fragments will be ignored.
[2021-08-15 21:52:08.383] [jointLog] [info] Usage of --validateMappings implies use of minScoreFraction. Since not explicitly specified, it is being set to 0.65
[2021-08-15 21:52:08.383] [jointLog] [info] Setting consensusSlack to selective-alignment default of 0.35.
[2021-08-15 21:52:08.383] [jointLog] [info] parsing read library format
[2021-08-15 21:52:08.383] [jointLog] [info] There is 1 library.
[2021-08-15 21:52:08.473] [jointLog] [info] Loading pufferfish index
[2021-08-15 21:52:08.474] [jointLog] [info] Loading dense pufferfish index.
[2021-08-15 21:52:49.013] [jointLog] [info] done
[2021-08-15 21:52:49.013] [jointLog] [info] Index contained 236,380 targets
[2021-08-15 21:52:49.897] [jointLog] [info] Number of decoys : 194
[2021-08-15 21:52:49.897] [jointLog] [info] First decoy index : 236,146 
[2021-08-15 21:52:50.593] [jointLog] [info] Automatically detected most likely library type as IU

[2021-08-15 22:06:31.784] [jointLog] [info] Computed 775,434 rich equivalence classes for further processing
[2021-08-15 22:06:31.784] [jointLog] [info] Counted 28,585,095 total reads in the equivalence classes 
[2021-08-15 22:06:31.786] [jointLog] [info] Number of mappings discarded because of alignment score : 13,039,842
[2021-08-15 22:06:31.786] [jointLog] [info] Number of fragments entirely discarded because of alignment score : 1,668,683
[2021-08-15 22:06:31.786] [jointLog] [info] Number of fragments discarded because they are best-mapped to decoys : 1,041,452
[2021-08-15 22:06:31.786] [jointLog] [info] Number of fragments discarded because they have only dovetail (discordant) mappings to valid targets : 248,683
[2021-08-15 22:06:31.786] [jointLog] [info] Mapping rate = 83.4772%

[2021-08-15 22:06:31.786] [jointLog] [info] finished quantifyLibrary()
[2021-08-15 22:06:31.792] [jointLog] [info] Starting optimizer
[2021-08-15 22:06:32.154] [jointLog] [info] Marked 0 weighted equivalence classes as degenerate
[2021-08-15 22:06:31.784] [fileLog] [info] 
At end of round 0
==================
Observed 34243003 total fragments (34243003 in most recent round)

[2021-08-15 22:06:32.242] [jointLog] [info] iteration = 0 | max rel diff. = 5171.25
[2021-08-15 22:06:33.110] [jointLog] [info] iteration 11, adjusting effective lengths to account for biases
[2021-08-15 22:06:43.169] [jointLog] [info] Computed expected counts (for bias correction)
[2021-08-15 22:06:43.170] [jointLog] [info] processed bias for 0.0% of the transcripts
[2021-08-15 22:06:50.879] [jointLog] [info] processed bias for 10.0% of the transcripts
[2021-08-15 22:06:58.819] [jointLog] [info] processed bias for 20.0% of the transcripts
[2021-08-15 22:07:06.861] [jointLog] [info] processed bias for 30.0% of the transcripts
[2021-08-15 22:07:15.071] [jointLog] [info] processed bias for 40.0% of the transcripts
[2021-08-15 22:07:22.125] [jointLog] [info] processed bias for 50.0% of the transcripts
[2021-08-15 22:07:29.832] [jointLog] [info] processed bias for 60.0% of the transcripts
[2021-08-15 22:07:37.147] [jointLog] [info] processed bias for 70.0% of the transcripts
[2021-08-15 22:07:44.427] [jointLog] [info] processed bias for 80.0% of the transcripts
[2021-08-15 22:07:52.296] [jointLog] [info] processed bias for 90.0% of the transcripts
[2021-08-15 22:08:00.628] [jointLog] [info] processed bias for 100.0% of the transcripts
[2021-08-15 22:08:00.629] [jointLog] [info] processed bias for 100.0% of the transcripts
[2021-08-15 22:08:08.578] [jointLog] [info] iteration = 100 | max rel diff. = 18.0977
[2021-08-15 22:08:17.295] [jointLog] [info] iteration = 200 | max rel diff. = 15.9915
[2021-08-15 22:08:25.906] [jointLog] [info] iteration = 300 | max rel diff. = 6.92438
[2021-08-15 22:08:34.516] [jointLog] [info] iteration = 400 | max rel diff. = 11.4897
[2021-08-15 22:08:43.135] [jointLog] [info] iteration = 500 | max rel diff. = 8.21136
[2021-08-15 22:08:51.695] [jointLog] [info] iteration = 600 | max rel diff. = 4.2444
[2021-08-15 22:09:00.129] [jointLog] [info] iteration = 700 | max rel diff. = 3.87087
[2021-08-15 22:09:08.457] [jointLog] [info] iteration = 800 | max rel diff. = 1.52072
[2021-08-15 22:09:16.595] [jointLog] [info] iteration = 900 | max rel diff. = 0.639911
[2021-08-15 22:09:24.721] [jointLog] [info] iteration = 1,000 | max rel diff. = 0.18554
[2021-08-15 22:09:32.849] [jointLog] [info] iteration = 1,100 | max rel diff. = 0.130919
[2021-08-15 22:09:40.922] [jointLog] [info] iteration = 1,200 | max rel diff. = 3.05857
[2021-08-15 22:09:49.016] [jointLog] [info] iteration = 1,300 | max rel diff. = 0.0808928
[2021-08-15 22:09:57.103] [jointLog] [info] iteration = 1,400 | max rel diff. = 0.0535302
[2021-08-15 22:10:05.197] [jointLog] [info] iteration = 1,500 | max rel diff. = 0.0774794
[2021-08-15 22:10:13.279] [jointLog] [info] iteration = 1,600 | max rel diff. = 0.0290464
[2021-08-15 22:10:21.284] [jointLog] [info] iteration = 1,700 | max rel diff. = 0.00890042
[2021-08-15 22:10:21.333] [jointLog] [info] Finished optimizer
[2021-08-15 22:10:21.333] [jointLog] [info] writing output 

[2021-08-15 22:10:21.782] [jointLog] [info] Starting Bootstrapping
[2021-08-15 22:10:22.148] [jointLog] [info] Will draw 30 bootstrap samples
[2021-08-15 22:10:22.148] [jointLog] [info] Optimizing over 775,434 equivalence classes
[2021-08-15 22:10:22.230] [jointLog] [info] Marked 0 weighted equivalence classes as degenerate
[2021-08-15 22:12:48.667] [jointLog] [info] wrote 1 bootstraps
[2021-08-15 22:15:34.609] [jointLog] [info] wrote 2 bootstraps
[2021-08-15 22:19:10.220] [jointLog] [info] wrote 3 bootstraps
[2021-08-15 22:22:02.784] [jointLog] [info] wrote 4 bootstraps
[2021-08-15 22:24:36.576] [jointLog] [info] wrote 5 bootstraps
[2021-08-15 22:27:49.591] [jointLog] [info] wrote 6 bootstraps
[2021-08-15 22:31:20.721] [jointLog] [info] wrote 7 bootstraps
[2021-08-15 22:34:14.060] [jointLog] [info] wrote 8 bootstraps
[2021-08-15 22:37:24.436] [jointLog] [info] wrote 9 bootstraps
[2021-08-15 22:40:46.436] [jointLog] [info] wrote 10 bootstraps
[2021-08-15 22:43:06.625] [jointLog] [info] wrote 11 bootstraps
[2021-08-15 22:45:56.955] [jointLog] [info] wrote 12 bootstraps
[2021-08-15 22:48:54.190] [jointLog] [info] wrote 13 bootstraps
[2021-08-15 22:52:31.675] [jointLog] [info] wrote 14 bootstraps
[2021-08-15 22:55:40.797] [jointLog] [info] wrote 15 bootstraps
[2021-08-15 22:59:07.326] [jointLog] [info] wrote 16 bootstraps
[2021-08-15 23:02:26.088] [jointLog] [info] wrote 17 bootstraps
[2021-08-15 23:04:23.826] [jointLog] [info] wrote 18 bootstraps
[2021-08-15 23:07:51.732] [jointLog] [info] wrote 19 bootstraps
[2021-08-15 23:10:38.657] [jointLog] [info] wrote 20 bootstraps
[2021-08-15 23:13:36.660] [jointLog] [info] wrote 21 bootstraps
[2021-08-15 23:16:36.297] [jointLog] [info] wrote 22 bootstraps
[2021-08-15 23:19:12.564] [jointLog] [info] wrote 23 bootstraps
[2021-08-15 23:21:55.151] [jointLog] [info] wrote 24 bootstraps
[2021-08-15 23:24:47.082] [jointLog] [info] wrote 25 bootstraps
[2021-08-15 23:27:20.770] [jointLog] [info] wrote 26 bootstraps
[2021-08-15 23:30:08.103] [jointLog] [info] wrote 27 bootstraps
[2021-08-15 23:33:15.940] [jointLog] [info] wrote 28 bootstraps
[2021-08-15 23:36:12.840] [jointLog] [info] wrote 29 bootstraps
[2021-08-15 23:39:44.850] [jointLog] [info] wrote 30 bootstraps
[2021-08-15 23:39:44.902] [jointLog] [info] Finished Bootstrapping
