[2021-08-15 21:31:56.229] [jointLog] [info] setting maxHashResizeThreads to 2
[2021-08-15 21:31:56.229] [jointLog] [info] Fragment incompatibility prior below threshold.  Incompatible fragments will be ignored.
[2021-08-15 21:31:56.229] [jointLog] [info] Usage of --validateMappings implies use of minScoreFraction. Since not explicitly specified, it is being set to 0.65
[2021-08-15 21:31:56.229] [jointLog] [info] Setting consensusSlack to selective-alignment default of 0.35.
[2021-08-15 21:31:56.229] [jointLog] [info] parsing read library format
[2021-08-15 21:31:56.229] [jointLog] [info] There is 1 library.
[2021-08-15 21:31:56.352] [jointLog] [info] Loading pufferfish index
[2021-08-15 21:31:56.355] [jointLog] [info] Loading dense pufferfish index.
[2021-08-15 21:32:31.706] [jointLog] [info] done
[2021-08-15 21:32:31.706] [jointLog] [info] Index contained 236,380 targets
[2021-08-15 21:32:32.558] [jointLog] [info] Number of decoys : 194
[2021-08-15 21:32:32.558] [jointLog] [info] First decoy index : 236,146 
[2021-08-15 21:32:33.156] [jointLog] [info] Automatically detected most likely library type as IU

[2021-08-15 21:40:00.571] [jointLog] [info] Computed 635,275 rich equivalence classes for further processing
[2021-08-15 21:40:00.571] [jointLog] [info] Counted 18,311,437 total reads in the equivalence classes 
[2021-08-15 21:40:00.573] [jointLog] [info] Number of mappings discarded because of alignment score : 7,069,654
[2021-08-15 21:40:00.573] [jointLog] [info] Number of fragments entirely discarded because of alignment score : 1,098,748
[2021-08-15 21:40:00.573] [jointLog] [info] Number of fragments discarded because they are best-mapped to decoys : 784,659
[2021-08-15 21:40:00.573] [jointLog] [info] Number of fragments discarded because they have only dovetail (discordant) mappings to valid targets : 164,302
[2021-08-15 21:40:00.573] [jointLog] [info] Mapping rate = 81.3007%

[2021-08-15 21:40:00.573] [jointLog] [info] finished quantifyLibrary()
[2021-08-15 21:40:00.580] [jointLog] [info] Starting optimizer
[2021-08-15 21:40:00.874] [jointLog] [info] Marked 0 weighted equivalence classes as degenerate
[2021-08-15 21:40:00.952] [jointLog] [info] iteration = 0 | max rel diff. = 4890.08
[2021-08-15 21:40:00.571] [fileLog] [info] 
At end of round 0
==================
Observed 22523092 total fragments (22523092 in most recent round)

[2021-08-15 21:40:01.678] [jointLog] [info] iteration 11, adjusting effective lengths to account for biases
[2021-08-15 21:40:11.037] [jointLog] [info] Computed expected counts (for bias correction)
[2021-08-15 21:40:11.037] [jointLog] [info] processed bias for 0.0% of the transcripts
[2021-08-15 21:40:18.003] [jointLog] [info] processed bias for 10.0% of the transcripts
[2021-08-15 21:40:25.093] [jointLog] [info] processed bias for 20.0% of the transcripts
[2021-08-15 21:40:32.399] [jointLog] [info] processed bias for 30.0% of the transcripts
[2021-08-15 21:40:39.881] [jointLog] [info] processed bias for 40.0% of the transcripts
[2021-08-15 21:40:46.268] [jointLog] [info] processed bias for 50.0% of the transcripts
[2021-08-15 21:40:53.100] [jointLog] [info] processed bias for 60.0% of the transcripts
[2021-08-15 21:40:59.573] [jointLog] [info] processed bias for 70.0% of the transcripts
[2021-08-15 21:41:06.200] [jointLog] [info] processed bias for 80.0% of the transcripts
[2021-08-15 21:41:13.388] [jointLog] [info] processed bias for 90.0% of the transcripts
[2021-08-15 21:41:20.985] [jointLog] [info] processed bias for 100.0% of the transcripts
[2021-08-15 21:41:20.986] [jointLog] [info] processed bias for 100.0% of the transcripts
[2021-08-15 21:41:27.418] [jointLog] [info] iteration = 100 | max rel diff. = 17.8987
[2021-08-15 21:41:34.450] [jointLog] [info] iteration = 200 | max rel diff. = 17.6471
[2021-08-15 21:41:41.457] [jointLog] [info] iteration = 300 | max rel diff. = 2.20492
[2021-08-15 21:41:48.485] [jointLog] [info] iteration = 400 | max rel diff. = 3.72963
[2021-08-15 21:41:55.518] [jointLog] [info] iteration = 500 | max rel diff. = 4.25968
[2021-08-15 21:42:02.530] [jointLog] [info] iteration = 600 | max rel diff. = 1.1037
[2021-08-15 21:42:09.535] [jointLog] [info] iteration = 700 | max rel diff. = 0.257627
[2021-08-15 21:42:16.534] [jointLog] [info] iteration = 800 | max rel diff. = 18.5547
[2021-08-15 21:42:23.592] [jointLog] [info] iteration = 900 | max rel diff. = 0.365134
[2021-08-15 21:42:30.602] [jointLog] [info] iteration = 1,000 | max rel diff. = 0.120681
[2021-08-15 21:42:37.598] [jointLog] [info] iteration = 1,100 | max rel diff. = 0.118856
[2021-08-15 21:42:44.618] [jointLog] [info] iteration = 1,200 | max rel diff. = 0.203738
[2021-08-15 21:42:51.647] [jointLog] [info] iteration = 1,300 | max rel diff. = 0.615222
[2021-08-15 21:42:58.611] [jointLog] [info] iteration = 1,400 | max rel diff. = 0.795358
[2021-08-15 21:43:05.639] [jointLog] [info] iteration = 1,500 | max rel diff. = 0.0172933
[2021-08-15 21:43:12.657] [jointLog] [info] iteration = 1,600 | max rel diff. = 0.0528682
[2021-08-15 21:43:16.193] [jointLog] [info] iteration = 1,652 | max rel diff. = 0.00810492
[2021-08-15 21:43:16.244] [jointLog] [info] Finished optimizer
[2021-08-15 21:43:16.244] [jointLog] [info] writing output 

[2021-08-15 21:43:16.661] [jointLog] [info] Starting Bootstrapping
[2021-08-15 21:43:16.902] [jointLog] [info] Will draw 30 bootstrap samples
[2021-08-15 21:43:16.902] [jointLog] [info] Optimizing over 635,275 equivalence classes
[2021-08-15 21:43:16.973] [jointLog] [info] Marked 0 weighted equivalence classes as degenerate
[2021-08-15 21:45:35.677] [jointLog] [info] wrote 1 bootstraps
[2021-08-15 21:48:03.650] [jointLog] [info] wrote 2 bootstraps
[2021-08-15 21:50:38.420] [jointLog] [info] wrote 3 bootstraps
[2021-08-15 21:52:51.029] [jointLog] [info] wrote 4 bootstraps
[2021-08-15 21:55:41.446] [jointLog] [info] wrote 5 bootstraps
[2021-08-15 21:58:47.227] [jointLog] [info] wrote 6 bootstraps
[2021-08-15 22:01:13.082] [jointLog] [info] wrote 7 bootstraps
[2021-08-15 22:04:00.907] [jointLog] [info] wrote 8 bootstraps
[2021-08-15 22:07:04.948] [jointLog] [info] wrote 9 bootstraps
[2021-08-15 22:09:58.782] [jointLog] [info] wrote 10 bootstraps
[2021-08-15 22:12:31.747] [jointLog] [info] wrote 11 bootstraps
[2021-08-15 22:15:02.247] [jointLog] [info] wrote 12 bootstraps
[2021-08-15 22:17:52.978] [jointLog] [info] wrote 13 bootstraps
[2021-08-15 22:21:01.589] [jointLog] [info] wrote 14 bootstraps
[2021-08-15 22:24:41.309] [jointLog] [info] wrote 15 bootstraps
[2021-08-15 22:28:03.501] [jointLog] [info] wrote 16 bootstraps
[2021-08-15 22:30:20.137] [jointLog] [info] wrote 17 bootstraps
[2021-08-15 22:32:45.304] [jointLog] [info] wrote 18 bootstraps
[2021-08-15 22:35:04.366] [jointLog] [info] wrote 19 bootstraps
[2021-08-15 22:37:19.872] [jointLog] [info] wrote 20 bootstraps
[2021-08-15 22:39:22.859] [jointLog] [info] wrote 21 bootstraps
[2021-08-15 22:41:53.668] [jointLog] [info] wrote 22 bootstraps
[2021-08-15 22:44:00.260] [jointLog] [info] wrote 23 bootstraps
[2021-08-15 22:46:09.860] [jointLog] [info] wrote 24 bootstraps
[2021-08-15 22:48:24.796] [jointLog] [info] wrote 25 bootstraps
[2021-08-15 22:51:11.787] [jointLog] [info] wrote 26 bootstraps
[2021-08-15 22:53:20.468] [jointLog] [info] wrote 27 bootstraps
[2021-08-15 22:55:17.303] [jointLog] [info] wrote 28 bootstraps
[2021-08-15 22:57:20.862] [jointLog] [info] wrote 29 bootstraps
[2021-08-15 22:59:20.711] [jointLog] [info] wrote 30 bootstraps
[2021-08-15 22:59:20.789] [jointLog] [info] Finished Bootstrapping
