[2021-08-15 21:32:58.075] [jointLog] [info] setting maxHashResizeThreads to 2
[2021-08-15 21:32:58.075] [jointLog] [info] Fragment incompatibility prior below threshold.  Incompatible fragments will be ignored.
[2021-08-15 21:32:58.075] [jointLog] [info] Usage of --validateMappings implies use of minScoreFraction. Since not explicitly specified, it is being set to 0.65
[2021-08-15 21:32:58.075] [jointLog] [info] Setting consensusSlack to selective-alignment default of 0.35.
[2021-08-15 21:32:58.075] [jointLog] [info] parsing read library format
[2021-08-15 21:32:58.075] [jointLog] [info] There is 1 library.
[2021-08-15 21:32:58.171] [jointLog] [info] Loading pufferfish index
[2021-08-15 21:32:58.173] [jointLog] [info] Loading dense pufferfish index.
[2021-08-15 21:33:39.597] [jointLog] [info] done
[2021-08-15 21:33:39.599] [jointLog] [info] Index contained 236,380 targets
[2021-08-15 21:33:40.506] [jointLog] [info] Number of decoys : 194
[2021-08-15 21:33:40.506] [jointLog] [info] First decoy index : 236,146 
[2021-08-15 21:33:41.125] [jointLog] [info] Automatically detected most likely library type as IU

[2021-08-15 21:40:52.089] [fileLog] [info] 
At end of round 0
==================
Observed 21417915 total fragments (21417915 in most recent round)

[2021-08-15 21:40:52.088] [jointLog] [info] Computed 650,243 rich equivalence classes for further processing
[2021-08-15 21:40:52.088] [jointLog] [info] Counted 18,689,196 total reads in the equivalence classes 
[2021-08-15 21:40:52.091] [jointLog] [info] Number of mappings discarded because of alignment score : 6,283,164
[2021-08-15 21:40:52.091] [jointLog] [info] Number of fragments entirely discarded because of alignment score : 762,440
[2021-08-15 21:40:52.091] [jointLog] [info] Number of fragments discarded because they are best-mapped to decoys : 494,898
[2021-08-15 21:40:52.091] [jointLog] [info] Number of fragments discarded because they have only dovetail (discordant) mappings to valid targets : 144,547
[2021-08-15 21:40:52.091] [jointLog] [info] Mapping rate = 87.2596%

[2021-08-15 21:40:52.091] [jointLog] [info] finished quantifyLibrary()
[2021-08-15 21:40:52.099] [jointLog] [info] Starting optimizer
[2021-08-15 21:40:52.417] [jointLog] [info] Marked 0 weighted equivalence classes as degenerate
[2021-08-15 21:40:52.498] [jointLog] [info] iteration = 0 | max rel diff. = 4947.59
[2021-08-15 21:40:53.301] [jointLog] [info] iteration 11, adjusting effective lengths to account for biases
[2021-08-15 21:41:02.745] [jointLog] [info] Computed expected counts (for bias correction)
[2021-08-15 21:41:02.745] [jointLog] [info] processed bias for 0.0% of the transcripts
[2021-08-15 21:41:09.568] [jointLog] [info] processed bias for 10.0% of the transcripts
[2021-08-15 21:41:16.531] [jointLog] [info] processed bias for 20.0% of the transcripts
[2021-08-15 21:41:23.632] [jointLog] [info] processed bias for 30.0% of the transcripts
[2021-08-15 21:41:31.116] [jointLog] [info] processed bias for 40.0% of the transcripts
[2021-08-15 21:41:37.481] [jointLog] [info] processed bias for 50.0% of the transcripts
[2021-08-15 21:41:44.226] [jointLog] [info] processed bias for 60.0% of the transcripts
[2021-08-15 21:41:50.693] [jointLog] [info] processed bias for 70.0% of the transcripts
[2021-08-15 21:41:57.228] [jointLog] [info] processed bias for 80.0% of the transcripts
[2021-08-15 21:42:04.190] [jointLog] [info] processed bias for 90.0% of the transcripts
[2021-08-15 21:42:11.749] [jointLog] [info] processed bias for 100.0% of the transcripts
[2021-08-15 21:42:11.749] [jointLog] [info] processed bias for 100.0% of the transcripts
[2021-08-15 21:42:19.104] [jointLog] [info] iteration = 100 | max rel diff. = 12.8242
[2021-08-15 21:42:27.201] [jointLog] [info] iteration = 200 | max rel diff. = 17.3415
[2021-08-15 21:42:35.232] [jointLog] [info] iteration = 300 | max rel diff. = 4.06947
[2021-08-15 21:42:43.294] [jointLog] [info] iteration = 400 | max rel diff. = 5.91741
[2021-08-15 21:42:51.298] [jointLog] [info] iteration = 500 | max rel diff. = 1.73962
[2021-08-15 21:42:59.309] [jointLog] [info] iteration = 600 | max rel diff. = 0.676978
[2021-08-15 21:43:07.278] [jointLog] [info] iteration = 700 | max rel diff. = 3.63997
[2021-08-15 21:43:15.279] [jointLog] [info] iteration = 800 | max rel diff. = 0.264394
[2021-08-15 21:43:23.215] [jointLog] [info] iteration = 900 | max rel diff. = 0.815917
[2021-08-15 21:43:31.203] [jointLog] [info] iteration = 1,000 | max rel diff. = 0.147005
[2021-08-15 21:43:39.243] [jointLog] [info] iteration = 1,100 | max rel diff. = 5.09592
[2021-08-15 21:43:47.190] [jointLog] [info] iteration = 1,200 | max rel diff. = 0.510809
[2021-08-15 21:43:55.231] [jointLog] [info] iteration = 1,300 | max rel diff. = 0.139521
[2021-08-15 21:44:03.244] [jointLog] [info] iteration = 1,400 | max rel diff. = 0.255862
[2021-08-15 21:44:11.333] [jointLog] [info] iteration = 1,500 | max rel diff. = 0.0243144
[2021-08-15 21:44:19.392] [jointLog] [info] iteration = 1,600 | max rel diff. = 0.692778
[2021-08-15 21:44:27.437] [jointLog] [info] iteration = 1,700 | max rel diff. = 0.0196133
[2021-08-15 21:44:34.122] [jointLog] [info] iteration = 1,784 | max rel diff. = 0.00992849
[2021-08-15 21:44:34.173] [jointLog] [info] Finished optimizer
[2021-08-15 21:44:34.173] [jointLog] [info] writing output 

[2021-08-15 21:44:34.611] [jointLog] [info] Starting Bootstrapping
[2021-08-15 21:44:34.941] [jointLog] [info] Will draw 30 bootstrap samples
[2021-08-15 21:44:34.941] [jointLog] [info] Optimizing over 650,243 equivalence classes
[2021-08-15 21:44:35.035] [jointLog] [info] Marked 0 weighted equivalence classes as degenerate
[2021-08-15 21:47:06.931] [jointLog] [info] wrote 1 bootstraps
[2021-08-15 21:49:39.599] [jointLog] [info] wrote 2 bootstraps
[2021-08-15 21:52:50.457] [jointLog] [info] wrote 3 bootstraps
[2021-08-15 21:56:07.301] [jointLog] [info] wrote 4 bootstraps
[2021-08-15 21:58:36.430] [jointLog] [info] wrote 5 bootstraps
[2021-08-15 22:01:53.850] [jointLog] [info] wrote 6 bootstraps
[2021-08-15 22:04:29.037] [jointLog] [info] wrote 7 bootstraps
[2021-08-15 22:06:59.526] [jointLog] [info] wrote 8 bootstraps
[2021-08-15 22:09:55.876] [jointLog] [info] wrote 9 bootstraps
[2021-08-15 22:13:12.603] [jointLog] [info] wrote 10 bootstraps
[2021-08-15 22:16:05.236] [jointLog] [info] wrote 11 bootstraps
[2021-08-15 22:18:08.480] [jointLog] [info] wrote 12 bootstraps
[2021-08-15 22:20:30.108] [jointLog] [info] wrote 13 bootstraps
[2021-08-15 22:23:15.996] [jointLog] [info] wrote 14 bootstraps
[2021-08-15 22:25:45.394] [jointLog] [info] wrote 15 bootstraps
[2021-08-15 22:27:43.795] [jointLog] [info] wrote 16 bootstraps
[2021-08-15 22:30:26.429] [jointLog] [info] wrote 17 bootstraps
[2021-08-15 22:34:05.253] [jointLog] [info] wrote 18 bootstraps
[2021-08-15 22:37:10.905] [jointLog] [info] wrote 19 bootstraps
[2021-08-15 22:39:49.640] [jointLog] [info] wrote 20 bootstraps
[2021-08-15 22:42:24.483] [jointLog] [info] wrote 21 bootstraps
[2021-08-15 22:45:53.008] [jointLog] [info] wrote 22 bootstraps
[2021-08-15 22:49:12.944] [jointLog] [info] wrote 23 bootstraps
[2021-08-15 22:51:38.165] [jointLog] [info] wrote 24 bootstraps
[2021-08-15 22:55:08.919] [jointLog] [info] wrote 25 bootstraps
[2021-08-15 22:58:06.650] [jointLog] [info] wrote 26 bootstraps
[2021-08-15 23:00:32.862] [jointLog] [info] wrote 27 bootstraps
[2021-08-15 23:03:41.018] [jointLog] [info] wrote 28 bootstraps
[2021-08-15 23:06:44.865] [jointLog] [info] wrote 29 bootstraps
[2021-08-15 23:09:34.660] [jointLog] [info] wrote 30 bootstraps
[2021-08-15 23:09:34.706] [jointLog] [info] Finished Bootstrapping
