[2021-08-15 21:52:00.650] [jointLog] [info] setting maxHashResizeThreads to 2
[2021-08-15 21:52:00.651] [jointLog] [info] Fragment incompatibility prior below threshold.  Incompatible fragments will be ignored.
[2021-08-15 21:52:00.651] [jointLog] [info] Usage of --validateMappings implies use of minScoreFraction. Since not explicitly specified, it is being set to 0.65
[2021-08-15 21:52:00.651] [jointLog] [info] Setting consensusSlack to selective-alignment default of 0.35.
[2021-08-15 21:52:00.651] [jointLog] [info] parsing read library format
[2021-08-15 21:52:00.651] [jointLog] [info] There is 1 library.
[2021-08-15 21:52:00.751] [jointLog] [info] Loading pufferfish index
[2021-08-15 21:52:00.753] [jointLog] [info] Loading dense pufferfish index.
[2021-08-15 21:52:44.559] [jointLog] [info] done
[2021-08-15 21:52:44.559] [jointLog] [info] Index contained 236,380 targets
[2021-08-15 21:52:45.484] [jointLog] [info] Number of decoys : 194
[2021-08-15 21:52:45.484] [jointLog] [info] First decoy index : 236,146 
[2021-08-15 21:52:46.212] [jointLog] [info] Automatically detected most likely library type as IU

[2021-08-15 22:06:32.799] [fileLog] [info] 
At end of round 0
==================
Observed 33181367 total fragments (33181367 in most recent round)

[2021-08-15 22:06:32.799] [jointLog] [info] Computed 736,518 rich equivalence classes for further processing
[2021-08-15 22:06:32.799] [jointLog] [info] Counted 26,337,913 total reads in the equivalence classes 
[2021-08-15 22:06:32.801] [jointLog] [info] Number of mappings discarded because of alignment score : 14,656,967
[2021-08-15 22:06:32.801] [jointLog] [info] Number of fragments entirely discarded because of alignment score : 1,875,556
[2021-08-15 22:06:32.801] [jointLog] [info] Number of fragments discarded because they are best-mapped to decoys : 1,143,325
[2021-08-15 22:06:32.801] [jointLog] [info] Number of fragments discarded because they have only dovetail (discordant) mappings to valid targets : 302,540
[2021-08-15 22:06:32.801] [jointLog] [info] Mapping rate = 79.3756%

[2021-08-15 22:06:32.801] [jointLog] [info] finished quantifyLibrary()
[2021-08-15 22:06:32.812] [jointLog] [info] Starting optimizer
[2021-08-15 22:06:33.160] [jointLog] [info] Marked 0 weighted equivalence classes as degenerate
[2021-08-15 22:06:33.248] [jointLog] [info] iteration = 0 | max rel diff. = 5270.37
[2021-08-15 22:06:34.150] [jointLog] [info] iteration 11, adjusting effective lengths to account for biases
[2021-08-15 22:06:43.785] [jointLog] [info] Computed expected counts (for bias correction)
[2021-08-15 22:06:43.786] [jointLog] [info] processed bias for 0.0% of the transcripts
[2021-08-15 22:06:51.098] [jointLog] [info] processed bias for 10.0% of the transcripts
[2021-08-15 22:06:58.514] [jointLog] [info] processed bias for 20.0% of the transcripts
[2021-08-15 22:07:06.114] [jointLog] [info] processed bias for 30.0% of the transcripts
[2021-08-15 22:07:13.981] [jointLog] [info] processed bias for 40.0% of the transcripts
[2021-08-15 22:07:20.626] [jointLog] [info] processed bias for 50.0% of the transcripts
[2021-08-15 22:07:27.914] [jointLog] [info] processed bias for 60.0% of the transcripts
[2021-08-15 22:07:34.841] [jointLog] [info] processed bias for 70.0% of the transcripts
[2021-08-15 22:07:41.862] [jointLog] [info] processed bias for 80.0% of the transcripts
[2021-08-15 22:07:49.304] [jointLog] [info] processed bias for 90.0% of the transcripts
[2021-08-15 22:07:57.249] [jointLog] [info] processed bias for 100.0% of the transcripts
[2021-08-15 22:07:57.257] [jointLog] [info] processed bias for 100.0% of the transcripts
[2021-08-15 22:08:05.309] [jointLog] [info] iteration = 100 | max rel diff. = 13.9374
[2021-08-15 22:08:14.163] [jointLog] [info] iteration = 200 | max rel diff. = 20.4368
[2021-08-15 22:08:23.088] [jointLog] [info] iteration = 300 | max rel diff. = 13.1796
[2021-08-15 22:08:31.964] [jointLog] [info] iteration = 400 | max rel diff. = 7.62088
[2021-08-15 22:08:40.871] [jointLog] [info] iteration = 500 | max rel diff. = 10.4042
[2021-08-15 22:08:49.685] [jointLog] [info] iteration = 600 | max rel diff. = 11.8526
[2021-08-15 22:08:58.543] [jointLog] [info] iteration = 700 | max rel diff. = 3.04345
[2021-08-15 22:09:07.419] [jointLog] [info] iteration = 800 | max rel diff. = 0.976502
[2021-08-15 22:09:16.299] [jointLog] [info] iteration = 900 | max rel diff. = 0.0592606
[2021-08-15 22:09:25.133] [jointLog] [info] iteration = 1,000 | max rel diff. = 3.63883
[2021-08-15 22:09:34.020] [jointLog] [info] iteration = 1,100 | max rel diff. = 0.298342
[2021-08-15 22:09:42.895] [jointLog] [info] iteration = 1,200 | max rel diff. = 0.227647
[2021-08-15 22:09:51.737] [jointLog] [info] iteration = 1,300 | max rel diff. = 0.0796143
[2021-08-15 22:10:00.637] [jointLog] [info] iteration = 1,400 | max rel diff. = 0.204774
[2021-08-15 22:10:09.567] [jointLog] [info] iteration = 1,500 | max rel diff. = 0.0402988
[2021-08-15 22:10:18.419] [jointLog] [info] iteration = 1,600 | max rel diff. = 0.0831443
[2021-08-15 22:10:27.241] [jointLog] [info] iteration = 1,700 | max rel diff. = 0.123241
[2021-08-15 22:10:36.083] [jointLog] [info] iteration = 1,800 | max rel diff. = 0.0681223
[2021-08-15 22:10:44.959] [jointLog] [info] iteration = 1,900 | max rel diff. = 0.0214518
[2021-08-15 22:10:53.400] [jointLog] [info] iteration = 1,996 | max rel diff. = 0.00674301
[2021-08-15 22:10:53.458] [jointLog] [info] Finished optimizer
[2021-08-15 22:10:53.458] [jointLog] [info] writing output 

[2021-08-15 22:10:53.868] [jointLog] [info] Starting Bootstrapping
[2021-08-15 22:10:54.216] [jointLog] [info] Will draw 30 bootstrap samples
[2021-08-15 22:10:54.216] [jointLog] [info] Optimizing over 736,518 equivalence classes
[2021-08-15 22:10:54.345] [jointLog] [info] Marked 0 weighted equivalence classes as degenerate
[2021-08-15 22:13:30.038] [jointLog] [info] wrote 1 bootstraps
[2021-08-15 22:16:21.819] [jointLog] [info] wrote 2 bootstraps
[2021-08-15 22:19:46.217] [jointLog] [info] wrote 3 bootstraps
[2021-08-15 22:22:06.684] [jointLog] [info] wrote 4 bootstraps
[2021-08-15 22:25:18.533] [jointLog] [info] wrote 5 bootstraps
[2021-08-15 22:27:19.466] [jointLog] [info] wrote 6 bootstraps
[2021-08-15 22:30:27.692] [jointLog] [info] wrote 7 bootstraps
[2021-08-15 22:32:48.813] [jointLog] [info] wrote 8 bootstraps
[2021-08-15 22:36:10.326] [jointLog] [info] wrote 9 bootstraps
[2021-08-15 22:38:55.147] [jointLog] [info] wrote 10 bootstraps
[2021-08-15 22:42:20.989] [jointLog] [info] wrote 11 bootstraps
[2021-08-15 22:45:47.230] [jointLog] [info] wrote 12 bootstraps
[2021-08-15 22:48:17.245] [jointLog] [info] wrote 13 bootstraps
[2021-08-15 22:50:38.939] [jointLog] [info] wrote 14 bootstraps
[2021-08-15 22:53:30.161] [jointLog] [info] wrote 15 bootstraps
[2021-08-15 22:55:55.108] [jointLog] [info] wrote 16 bootstraps
[2021-08-15 22:59:14.287] [jointLog] [info] wrote 17 bootstraps
[2021-08-15 23:02:16.138] [jointLog] [info] wrote 18 bootstraps
[2021-08-15 23:05:10.227] [jointLog] [info] wrote 19 bootstraps
[2021-08-15 23:08:32.334] [jointLog] [info] wrote 20 bootstraps
[2021-08-15 23:11:16.933] [jointLog] [info] wrote 21 bootstraps
[2021-08-15 23:14:03.489] [jointLog] [info] wrote 22 bootstraps
[2021-08-15 23:16:37.659] [jointLog] [info] wrote 23 bootstraps
[2021-08-15 23:19:11.714] [jointLog] [info] wrote 24 bootstraps
[2021-08-15 23:21:40.856] [jointLog] [info] wrote 25 bootstraps
[2021-08-15 23:24:15.458] [jointLog] [info] wrote 26 bootstraps
[2021-08-15 23:26:37.681] [jointLog] [info] wrote 27 bootstraps
[2021-08-15 23:29:41.526] [jointLog] [info] wrote 28 bootstraps
[2021-08-15 23:32:45.038] [jointLog] [info] wrote 29 bootstraps
[2021-08-15 23:35:14.807] [jointLog] [info] wrote 30 bootstraps
[2021-08-15 23:35:14.857] [jointLog] [info] Finished Bootstrapping
