[2021-08-15 22:14:27.616] [jointLog] [info] setting maxHashResizeThreads to 2
[2021-08-15 22:14:27.616] [jointLog] [info] Fragment incompatibility prior below threshold.  Incompatible fragments will be ignored.
[2021-08-15 22:14:27.616] [jointLog] [info] Usage of --validateMappings implies use of minScoreFraction. Since not explicitly specified, it is being set to 0.65
[2021-08-15 22:14:27.616] [jointLog] [info] Setting consensusSlack to selective-alignment default of 0.35.
[2021-08-15 22:14:27.616] [jointLog] [info] parsing read library format
[2021-08-15 22:14:27.616] [jointLog] [info] There is 1 library.
[2021-08-15 22:14:27.733] [jointLog] [info] Loading pufferfish index
[2021-08-15 22:14:27.733] [jointLog] [info] Loading dense pufferfish index.
[2021-08-15 22:14:58.700] [jointLog] [info] done
[2021-08-15 22:14:58.700] [jointLog] [info] Index contained 236,380 targets
[2021-08-15 22:14:59.518] [jointLog] [info] Number of decoys : 194
[2021-08-15 22:14:59.518] [jointLog] [info] First decoy index : 236,146 
[2021-08-15 22:15:00.301] [jointLog] [info] Automatically detected most likely library type as IU

[2021-08-15 22:36:45.307] [fileLog] [info] 
At end of round 0
==================
Observed 55152319 total fragments (55152319 in most recent round)

[2021-08-15 22:36:45.306] [jointLog] [info] Computed 777,259 rich equivalence classes for further processing
[2021-08-15 22:36:45.306] [jointLog] [info] Counted 39,554,593 total reads in the equivalence classes 
[2021-08-15 22:36:45.308] [jointLog] [info] Number of mappings discarded because of alignment score : 65,753,683
[2021-08-15 22:36:45.308] [jointLog] [info] Number of fragments entirely discarded because of alignment score : 4,795,577
[2021-08-15 22:36:45.308] [jointLog] [info] Number of fragments discarded because they are best-mapped to decoys : 2,164,014
[2021-08-15 22:36:45.308] [jointLog] [info] Number of fragments discarded because they have only dovetail (discordant) mappings to valid targets : 4,689,657
[2021-08-15 22:36:45.308] [jointLog] [info] Mapping rate = 71.7188%

[2021-08-15 22:36:45.308] [jointLog] [info] finished quantifyLibrary()
[2021-08-15 22:36:45.314] [jointLog] [info] Starting optimizer
[2021-08-15 22:36:45.651] [jointLog] [info] Marked 0 weighted equivalence classes as degenerate
[2021-08-15 22:36:45.748] [jointLog] [info] iteration = 0 | max rel diff. = 3495.61
[2021-08-15 22:36:46.587] [jointLog] [info] iteration 11, adjusting effective lengths to account for biases
[2021-08-15 22:36:56.396] [jointLog] [info] Computed expected counts (for bias correction)
[2021-08-15 22:36:56.396] [jointLog] [info] processed bias for 0.0% of the transcripts
[2021-08-15 22:37:02.564] [jointLog] [info] processed bias for 10.0% of the transcripts
[2021-08-15 22:37:08.827] [jointLog] [info] processed bias for 20.0% of the transcripts
[2021-08-15 22:37:15.216] [jointLog] [info] processed bias for 30.0% of the transcripts
[2021-08-15 22:37:21.736] [jointLog] [info] processed bias for 40.0% of the transcripts
[2021-08-15 22:37:27.397] [jointLog] [info] processed bias for 50.0% of the transcripts
[2021-08-15 22:37:33.523] [jointLog] [info] processed bias for 60.0% of the transcripts
[2021-08-15 22:37:39.344] [jointLog] [info] processed bias for 70.0% of the transcripts
[2021-08-15 22:37:45.261] [jointLog] [info] processed bias for 80.0% of the transcripts
[2021-08-15 22:37:51.458] [jointLog] [info] processed bias for 90.0% of the transcripts
[2021-08-15 22:37:58.109] [jointLog] [info] processed bias for 100.0% of the transcripts
[2021-08-15 22:37:58.110] [jointLog] [info] processed bias for 100.0% of the transcripts
[2021-08-15 22:38:05.391] [jointLog] [info] iteration = 100 | max rel diff. = 20.4916
[2021-08-15 22:38:13.423] [jointLog] [info] iteration = 200 | max rel diff. = 16.6597
[2021-08-15 22:38:21.422] [jointLog] [info] iteration = 300 | max rel diff. = 10.9184
[2021-08-15 22:38:29.412] [jointLog] [info] iteration = 400 | max rel diff. = 3.24154
[2021-08-15 22:38:37.416] [jointLog] [info] iteration = 500 | max rel diff. = 4.09538
[2021-08-15 22:38:45.450] [jointLog] [info] iteration = 600 | max rel diff. = 13.3755
[2021-08-15 22:38:53.465] [jointLog] [info] iteration = 700 | max rel diff. = 3.80904
[2021-08-15 22:39:01.451] [jointLog] [info] iteration = 800 | max rel diff. = 0.481518
[2021-08-15 22:39:09.448] [jointLog] [info] iteration = 900 | max rel diff. = 0.11559
[2021-08-15 22:39:17.467] [jointLog] [info] iteration = 1,000 | max rel diff. = 0.294529
[2021-08-15 22:39:25.472] [jointLog] [info] iteration = 1,100 | max rel diff. = 0.172124
[2021-08-15 22:39:33.459] [jointLog] [info] iteration = 1,200 | max rel diff. = 1.16676
[2021-08-15 22:39:41.445] [jointLog] [info] iteration = 1,300 | max rel diff. = 0.066769
[2021-08-15 22:39:49.425] [jointLog] [info] iteration = 1,400 | max rel diff. = 0.134811
[2021-08-15 22:39:57.441] [jointLog] [info] iteration = 1,500 | max rel diff. = 0.135276
[2021-08-15 22:40:05.414] [jointLog] [info] iteration = 1,600 | max rel diff. = 0.170238
[2021-08-15 22:40:13.342] [jointLog] [info] iteration = 1,700 | max rel diff. = 0.859016
[2021-08-15 22:40:21.284] [jointLog] [info] iteration = 1,800 | max rel diff. = 0.0183147
[2021-08-15 22:40:29.208] [jointLog] [info] iteration = 1,900 | max rel diff. = 0.18295
[2021-08-15 22:40:37.151] [jointLog] [info] iteration = 2,000 | max rel diff. = 0.209702
[2021-08-15 22:40:45.111] [jointLog] [info] iteration = 2,100 | max rel diff. = 0.552174
[2021-08-15 22:40:45.347] [jointLog] [info] iteration = 2,104 | max rel diff. = 0.00854542
[2021-08-15 22:40:45.397] [jointLog] [info] Finished optimizer
[2021-08-15 22:40:45.397] [jointLog] [info] writing output 

[2021-08-15 22:40:45.808] [jointLog] [info] Starting Bootstrapping
[2021-08-15 22:40:46.054] [jointLog] [info] Will draw 30 bootstrap samples
[2021-08-15 22:40:46.054] [jointLog] [info] Optimizing over 777,259 equivalence classes
[2021-08-15 22:40:46.135] [jointLog] [info] Marked 0 weighted equivalence classes as degenerate
[2021-08-15 22:43:19.025] [jointLog] [info] wrote 1 bootstraps
[2021-08-15 22:46:10.104] [jointLog] [info] wrote 2 bootstraps
[2021-08-15 22:50:02.068] [jointLog] [info] wrote 3 bootstraps
[2021-08-15 22:52:53.604] [jointLog] [info] wrote 4 bootstraps
[2021-08-15 22:56:15.072] [jointLog] [info] wrote 5 bootstraps
[2021-08-15 22:59:21.236] [jointLog] [info] wrote 6 bootstraps
[2021-08-15 23:02:31.946] [jointLog] [info] wrote 7 bootstraps
[2021-08-15 23:05:26.330] [jointLog] [info] wrote 8 bootstraps
[2021-08-15 23:08:01.052] [jointLog] [info] wrote 9 bootstraps
[2021-08-15 23:11:10.317] [jointLog] [info] wrote 10 bootstraps
[2021-08-15 23:13:54.368] [jointLog] [info] wrote 11 bootstraps
[2021-08-15 23:16:09.401] [jointLog] [info] wrote 12 bootstraps
[2021-08-15 23:19:25.722] [jointLog] [info] wrote 13 bootstraps
[2021-08-15 23:22:31.163] [jointLog] [info] wrote 14 bootstraps
[2021-08-15 23:25:02.178] [jointLog] [info] wrote 15 bootstraps
[2021-08-15 23:27:51.882] [jointLog] [info] wrote 16 bootstraps
[2021-08-15 23:31:27.355] [jointLog] [info] wrote 17 bootstraps
[2021-08-15 23:34:41.644] [jointLog] [info] wrote 18 bootstraps
[2021-08-15 23:37:19.099] [jointLog] [info] wrote 19 bootstraps
[2021-08-15 23:40:01.813] [jointLog] [info] wrote 20 bootstraps
[2021-08-15 23:42:24.117] [jointLog] [info] wrote 21 bootstraps
[2021-08-15 23:45:01.724] [jointLog] [info] wrote 22 bootstraps
[2021-08-15 23:47:51.256] [jointLog] [info] wrote 23 bootstraps
[2021-08-15 23:50:01.396] [jointLog] [info] wrote 24 bootstraps
[2021-08-15 23:52:27.106] [jointLog] [info] wrote 25 bootstraps
[2021-08-15 23:54:40.457] [jointLog] [info] wrote 26 bootstraps
[2021-08-15 23:57:07.084] [jointLog] [info] wrote 27 bootstraps
[2021-08-15 23:59:59.865] [jointLog] [info] wrote 28 bootstraps
[2021-08-16 00:03:19.343] [jointLog] [info] wrote 29 bootstraps
[2021-08-16 00:05:29.543] [jointLog] [info] wrote 30 bootstraps
[2021-08-16 00:05:29.628] [jointLog] [info] Finished Bootstrapping
